android/app/build/intermediates/manifest_merge_blame_file/debug/manifest-merger-blame-debug-report.txt
1<?xml version="1.0" encoding="utf-8"?>
2<manifest xmlns:android="http://schemas.android.com/apk/res/android"
3    package="com.o2ochat"
4    android:versionCode="1"
5    android:versionName="1.0.0" >
6
7    <uses-sdk
8        android:minSdkVersion="24"
9        android:targetSdkVersion="34" />
10
11    <uses-permission android:name="android.permission.INTERNET" />
11-->src/main/AndroidManifest.xml:5:5-67
11-->src/main/AndroidManifest.xml:5:22-64
12    <uses-permission android:name="android.permission.ACCESS_NETWORK_STATE" />
12-->src/main/AndroidManifest.xml:6:5-79
12-->src/main/AndroidManifest.xml:6:22-76
13    <uses-permission android:name="android.permission.ACCESS_WIFI_STATE" />
13-->src/main/AndroidManifest.xml:7:5-76
13-->src/main/AndroidManifest.xml:7:22-73
14    <uses-permission android:name="android.permission.RECORD_AUDIO" />
14-->src/main/AndroidManifest.xml:8:5-71
14-->src/main/AndroidManifest.xml:8:22-68
15    <uses-permission android:name="android.permission.CAMERA" />
15-->src/main/AndroidManifest.xml:9:5-65
15-->src/main/AndroidManifest.xml:9:22-62
16    <uses-permission
16-->src/main/AndroidManifest.xml:10:5-107
17        android:name="android.permission.READ_EXTERNAL_STORAGE"
17-->src/main/AndroidManifest.xml:10:22-77
18        android:maxSdkVersion="32" />
18-->src/main/AndroidManifest.xml:10:78-104
19    <uses-permission
19-->src/main/AndroidManifest.xml:11:5-108
20        android:name="android.permission.WRITE_EXTERNAL_STORAGE"
20-->src/main/AndroidManifest.xml:11:22-78
21        android:maxSdkVersion="29" />
21-->src/main/AndroidManifest.xml:11:79-105
22    <uses-permission android:name="android.permission.READ_MEDIA_IMAGES" />
22-->src/main/AndroidManifest.xml:12:5-76
22-->src/main/AndroidManifest.xml:12:22-73
23    <uses-permission android:name="android.permission.READ_MEDIA_VIDEO" />
23-->src/main/AndroidManifest.xml:13:5-75
23-->src/main/AndroidManifest.xml:13:22-72
24    <uses-permission android:name="android.permission.READ_MEDIA_AUDIO" />
24-->src/main/AndroidManifest.xml:14:5-75
24-->src/main/AndroidManifest.xml:14:22-72
25    <uses-permission android:name="android.permission.FOREGROUND_SERVICE" />
25-->src/main/AndroidManifest.xml:15:5-77
25-->src/main/AndroidManifest.xml:15:22-74
26    <uses-permission android:name="android.permission.FOREGROUND_SERVICE_DATA_SYNC" />
26-->src/main/AndroidManifest.xml:16:5-87
26-->src/main/AndroidManifest.xml:16:22-84
27    <uses-permission android:name="android.permission.POST_NOTIFICATIONS" />
27-->src/main/AndroidManifest.xml:17:5-77
27-->src/main/AndroidManifest.xml:17:22-74
28    <uses-permission android:name="android.permission.VIBRATE" />
28-->src/main/AndroidManifest.xml:18:5-66
28-->src/main/AndroidManifest.xml:18:22-63
29    <uses-permission android:name="android.permission.RECEIVE_BOOT_COMPLETED" />
29-->src/main/AndroidManifest.xml:19:5-81
29-->src/main/AndroidManifest.xml:19:22-78
30    <uses-permission android:name="android.permission.WAKE_LOCK" />
30-->src/main/AndroidManifest.xml:20:5-68
30-->src/main/AndroidManifest.xml:20:22-65
31
32    <uses-feature
32-->src/main/AndroidManifest.xml:22:5-85
33        android:name="android.hardware.camera"
33-->src/main/AndroidManifest.xml:22:19-57
34        android:required="false" />
34-->src/main/AndroidManifest.xml:22:58-82
35    <uses-feature
35-->src/main/AndroidManifest.xml:23:5-95
36        android:name="android.hardware.camera.autofocus"
36-->src/main/AndroidManifest.xml:23:19-67
37        android:required="false" />
37-->src/main/AndroidManifest.xml:23:68-92
38    <uses-feature
38-->src/main/AndroidManifest.xml:24:5-89
39        android:name="android.hardware.microphone"
39-->src/main/AndroidManifest.xml:24:19-61
40        android:required="false" />
40-->src/main/AndroidManifest.xml:24:62-86
41
42    <permission
42-->[androidx.core:core:1.12.0] AndroidManifest.xml:22:5-24:47
43        android:name="com.o2ochat.DYNAMIC_RECEIVER_NOT_EXPORTED_PERMISSION"
43-->[androidx.core:core:1.12.0] AndroidManifest.xml:23:9-81
44        android:protectionLevel="signature" />
44-->[androidx.core:core:1.12.0] AndroidManifest.xml:24:9-44
45
46    <uses-permission android:name="com.o2ochat.DYNAMIC_RECEIVER_NOT_EXPORTED_PERMISSION" />
46-->[androidx.core:core:1.12.0] AndroidManifest.xml:26:5-97
46-->[androidx.core:core:1.12.0] AndroidManifest.xml:26:22-94
47
48    <application
48-->src/main/AndroidManifest.xml:26:5-90:19
49        android:name="com.o2ochat.O2OChatApp"
49-->src/main/AndroidManifest.xml:27:9-35
50        android:allowBackup="true"
50-->src/main/AndroidManifest.xml:28:9-35
51        android:appComponentFactory="androidx.core.app.CoreComponentFactory"
51-->[androidx.core:core:1.12.0] AndroidManifest.xml:28:18-86
52        android:debuggable="true"
53        android:extractNativeLibs="false"
54        android:icon="@mipmap/ic_launcher"
54-->src/main/AndroidManifest.xml:29:9-43
55        android:label="@string/app_name"
55-->src/main/AndroidManifest.xml:30:9-41
56        android:networkSecurityConfig="@xml/network_security_config"
56-->src/main/AndroidManifest.xml:34:9-69
57        android:roundIcon="@mipmap/ic_launcher_round"
57-->src/main/AndroidManifest.xml:31:9-54
58        android:supportsRtl="true"
58-->src/main/AndroidManifest.xml:32:9-35
59        android:theme="@style/Theme.O2OChat"
59-->src/main/AndroidManifest.xml:33:9-45
60        android:usesCleartextTraffic="false" >
60-->src/main/AndroidManifest.xml:35:9-45
61        <activity
61-->src/main/AndroidManifest.xml:38:9-47:20
62            android:name="com.o2ochat.ui.main.MainActivity"
62-->src/main/AndroidManifest.xml:39:13-49
63            android:exported="true"
63-->src/main/AndroidManifest.xml:40:13-36
64            android:launchMode="singleTask"
64-->src/main/AndroidManifest.xml:41:13-44
65            android:theme="@style/Theme.O2OChat" >
65-->src/main/AndroidManifest.xml:42:13-49
66            <intent-filter>
66-->src/main/AndroidManifest.xml:43:13-46:29
67                <action android:name="android.intent.action.MAIN" />
67-->src/main/AndroidManifest.xml:44:17-69
67-->src/main/AndroidManifest.xml:44:25-66
68
69                <category android:name="android.intent.category.LAUNCHER" />
69-->src/main/AndroidManifest.xml:45:17-77
69-->src/main/AndroidManifest.xml:45:27-74
70            </intent-filter>
71        </activity>
72        <activity
72-->src/main/AndroidManifest.xml:49:9-53:58
73            android:name="com.o2ochat.ui.chat.ChatActivity"
73-->src/main/AndroidManifest.xml:50:13-49
74            android:exported="false"
74-->src/main/AndroidManifest.xml:51:13-37
75            android:parentActivityName="com.o2ochat.ui.main.MainActivity"
75-->src/main/AndroidManifest.xml:52:13-63
76            android:windowSoftInputMode="adjustResize" />
76-->src/main/AndroidManifest.xml:53:13-55
77        <activity
77-->src/main/AndroidManifest.xml:55:9-58:66
78            android:name="com.o2ochat.ui.contacts.AddContactActivity"
78-->src/main/AndroidManifest.xml:56:13-59
79            android:exported="false"
79-->src/main/AndroidManifest.xml:57:13-37
80            android:parentActivityName="com.o2ochat.ui.main.MainActivity" />
80-->src/main/AndroidManifest.xml:58:13-63
81        <activity
81-->src/main/AndroidManifest.xml:60:9-65:57
82            android:name="com.o2ochat.ui.call.CallActivity"
82-->src/main/AndroidManifest.xml:61:13-49
83            android:exported="false"
83-->src/main/AndroidManifest.xml:62:13-37
84            android:parentActivityName="com.o2ochat.ui.chat.ChatActivity"
84-->src/main/AndroidManifest.xml:63:13-63
85            android:screenOrientation="portrait"
85-->src/main/AndroidManifest.xml:64:13-49
86            android:theme="@style/Theme.O2OChat.Call" />
86-->src/main/AndroidManifest.xml:65:13-54
87        <activity
87-->src/main/AndroidManifest.xml:67:9-70:66
88            android:name="com.o2ochat.ui.settings.SettingsActivity"
88-->src/main/AndroidManifest.xml:68:13-57
89            android:exported="false"
89-->src/main/AndroidManifest.xml:69:13-37
90            android:parentActivityName="com.o2ochat.ui.main.MainActivity" />
90-->src/main/AndroidManifest.xml:70:13-63
91
92        <service
92-->src/main/AndroidManifest.xml:72:9-75:56
93            android:name="com.o2ochat.service.SignalingService"
93-->src/main/AndroidManifest.xml:73:13-53
94            android:exported="false"
94-->src/main/AndroidManifest.xml:74:13-37
95            android:foregroundServiceType="dataSync" />
95-->src/main/AndroidManifest.xml:75:13-53
96        <service
96-->src/main/AndroidManifest.xml:77:9-80:56
97            android:name="com.o2ochat.service.P2PService"
97-->src/main/AndroidManifest.xml:78:13-47
98            android:exported="false"
98-->src/main/AndroidManifest.xml:79:13-37
99            android:foregroundServiceType="dataSync" />
99-->src/main/AndroidManifest.xml:80:13-53
100
101        <receiver
101-->src/main/AndroidManifest.xml:82:9-88:20
102            android:name="com.o2ochat.service.BootReceiver"
102-->src/main/AndroidManifest.xml:83:13-49
103            android:exported="true" >
103-->src/main/AndroidManifest.xml:84:13-36
104            <intent-filter>
104-->src/main/AndroidManifest.xml:85:13-87:29
105                <action android:name="android.intent.action.BOOT_COMPLETED" />
105-->src/main/AndroidManifest.xml:86:17-79
105-->src/main/AndroidManifest.xml:86:25-76
106            </intent-filter>
107        </receiver>
108
109        <provider
109-->[androidx.emoji2:emoji2:1.2.0] AndroidManifest.xml:24:9-32:20
110            android:name="androidx.startup.InitializationProvider"
110-->[androidx.emoji2:emoji2:1.2.0] AndroidManifest.xml:25:13-67
111            android:authorities="com.o2ochat.androidx-startup"
111-->[androidx.emoji2:emoji2:1.2.0] AndroidManifest.xml:26:13-68
112            android:exported="false" >
112-->[androidx.emoji2:emoji2:1.2.0] AndroidManifest.xml:27:13-37
113            <meta-data
113-->[androidx.emoji2:emoji2:1.2.0] AndroidManifest.xml:29:13-31:52
114                android:name="androidx.emoji2.text.EmojiCompatInitializer"
114-->[androidx.emoji2:emoji2:1.2.0] AndroidManifest.xml:30:17-75
115                android:value="androidx.startup" />
115-->[androidx.emoji2:emoji2:1.2.0] AndroidManifest.xml:31:17-49
116            <meta-data
116-->[androidx.lifecycle:lifecycle-process:2.7.0] AndroidManifest.xml:29:13-31:52
117                android:name="androidx.lifecycle.ProcessLifecycleInitializer"
117-->[androidx.lifecycle:lifecycle-process:2.7.0] AndroidManifest.xml:30:17-78
118                android:value="androidx.startup" />
118-->[androidx.lifecycle:lifecycle-process:2.7.0] AndroidManifest.xml:31:17-49
119            <meta-data
119-->[androidx.profileinstaller:profileinstaller:1.3.1] AndroidManifest.xml:29:13-31:52
120                android:name="androidx.profileinstaller.ProfileInstallerInitializer"
120-->[androidx.profileinstaller:profileinstaller:1.3.1] AndroidManifest.xml:30:17-85
121                android:value="androidx.startup" />
121-->[androidx.profileinstaller:profileinstaller:1.3.1] AndroidManifest.xml:31:17-49
122        </provider>
123
124        <uses-library
124-->[androidx.window:window:1.0.0] AndroidManifest.xml:25:9-27:40
125            android:name="androidx.window.extensions"
125-->[androidx.window:window:1.0.0] AndroidManifest.xml:26:13-54
126            android:required="false" />
126-->[androidx.window:window:1.0.0] AndroidManifest.xml:27:13-37
127        <uses-library
127-->[androidx.window:window:1.0.0] AndroidManifest.xml:28:9-30:40
128            android:name="androidx.window.sidecar"
128-->[androidx.window:window:1.0.0] AndroidManifest.xml:29:13-51
129            android:required="false" />
129-->[androidx.window:window:1.0.0] AndroidManifest.xml:30:13-37
130
131        <service
131-->[androidx.room:room-runtime:2.6.1] AndroidManifest.xml:24:9-28:63
132            android:name="androidx.room.MultiInstanceInvalidationService"
132-->[androidx.room:room-runtime:2.6.1] AndroidManifest.xml:25:13-74
133            android:directBootAware="true"
133-->[androidx.room:room-runtime:2.6.1] AndroidManifest.xml:26:13-43
134            android:exported="false" />
134-->[androidx.room:room-runtime:2.6.1] AndroidManifest.xml:27:13-37
135
136        <receiver
136-->[androidx.profileinstaller:profileinstaller:1.3.1] AndroidManifest.xml:34:9-52:20
137            android:name="androidx.profileinstaller.ProfileInstallReceiver"
137-->[androidx.profileinstaller:profileinstaller:1.3.1] AndroidManifest.xml:35:13-76
138            android:directBootAware="false"
138-->[androidx.profileinstaller:profileinstaller:1.3.1] AndroidManifest.xml:36:13-44
139            android:enabled="true"
139-->[androidx.profileinstaller:profileinstaller:1.3.1] AndroidManifest.xml:37:13-35
140            android:exported="true"
140-->[androidx.profileinstaller:profileinstaller:1.3.1] AndroidManifest.xml:38:13-36
141            android:permission="android.permission.DUMP" >
141-->[androidx.profileinstaller:profileinstaller:1.3.1] AndroidManifest.xml:39:13-57
142            <intent-filter>
142-->[androidx.profileinstaller:profileinstaller:1.3.1] AndroidManifest.xml:40:13-42:29
143                <action android:name="androidx.profileinstaller.action.INSTALL_PROFILE" />
143-->[androidx.profileinstaller:profileinstaller:1.3.1] AndroidManifest.xml:41:17-91
143-->[androidx.profileinstaller:profileinstaller:1.3.1] AndroidManifest.xml:41:25-88
144            </intent-filter>
145            <intent-filter>
145-->[androidx.profileinstaller:profileinstaller:1.3.1] AndroidManifest.xml:43:13-45:29
146                <action android:name="androidx.profileinstaller.action.SKIP_FILE" />
146-->[androidx.profileinstaller:profileinstaller:1.3.1] AndroidManifest.xml:44:17-85
146-->[androidx.profileinstaller:profileinstaller:1.3.1] AndroidManifest.xml:44:25-82
147            </intent-filter>
148            <intent-filter>
148-->[androidx.profileinstaller:profileinstaller:1.3.1] AndroidManifest.xml:46:13-48:29
149                <action android:name="androidx.profileinstaller.action.SAVE_PROFILE" />
149-->[androidx.profileinstaller:profileinstaller:1.3.1] AndroidManifest.xml:47:17-88
149-->[androidx.profileinstaller:profileinstaller:1.3.1] AndroidManifest.xml:47:25-85
150            </intent-filter>
151            <intent-filter>
151-->[androidx.profileinstaller:profileinstaller:1.3.1] AndroidManifest.xml:49:13-51:29
152                <action android:name="androidx.profileinstaller.action.BENCHMARK_OPERATION" />
152-->[androidx.profileinstaller:profileinstaller:1.3.1] AndroidManifest.xml:50:17-95
152-->[androidx.profileinstaller:profileinstaller:1.3.1] AndroidManifest.xml:50:25-92
153            </intent-filter>
154        </receiver>
155    </application>
156
157</manifest>